<?xml version="1.0" encoding="UTF-8"?>
<testng-results ignored="0" total="6" passed="6" failed="0" skipped="0">
  <reporter-output>
  </reporter-output>
  <suite started-at="2022-12-08T14:57:21 JST" name="Default suite" finished-at="2022-12-08T14:57:44 JST" duration-ms="23656">
    <groups>
      <group name="cucumber">
        <method signature="AbstractTestNGCucumberTests.runScenario(io.cucumber.testng.PickleWrapper,io.cucumber.testng.FeatureWrapper)[pri:0, instance:parallel.ParallelRun@3b0090a4]" name="runScenario" class="io.cucumber.testng.AbstractTestNGCucumberTests"/>
      </group> <!-- cucumber -->
    </groups>
    <test started-at="2022-12-08T14:57:21 JST" name="Default test" finished-at="2022-12-08T14:57:44 JST" duration-ms="23656">
      <class name="parallel.ParallelRun">
        <test-method is-config="true" signature="setUpClass(org.testng.ITestContext)[pri:0, instance:parallel.ParallelRun@3b0090a4]" started-at="2022-12-08T14:57:21 JST" name="setUpClass" finished-at="2022-12-08T14:57:21 JST" duration-ms="500" status="PASS">
          <params>
            <param index="0">
              <value>
                <![CDATA[org.testng.TestRunner@130a0f66]]>
              </value>
            </param>
          </params>
          <reporter-output>
          </reporter-output>
        </test-method> <!-- setUpClass -->
        <test-method signature="runScenario(io.cucumber.testng.PickleWrapper,io.cucumber.testng.FeatureWrapper)[pri:0, instance:parallel.ParallelRun@3b0090a4]" started-at="2022-12-08T14:57:21 JST" name="runScenario" description="Runs Cucumber Scenarios" data-provider="scenarios" finished-at="2022-12-08T14:57:30 JST" duration-ms="9038" status="PASS">
          <params>
            <param index="0">
              <value>
                <![CDATA["Forgot Password link"]]>
              </value>
            </param>
            <param index="1">
              <value>
                <![CDATA["Login Page feature"]]>
              </value>
            </param>
          </params>
          <reporter-output>
          </reporter-output>
        </test-method> <!-- runScenario -->
        <test-method signature="runScenario(io.cucumber.testng.PickleWrapper,io.cucumber.testng.FeatureWrapper)[pri:0, instance:parallel.ParallelRun@3b0090a4]" started-at="2022-12-08T14:57:21 JST" name="runScenario" description="Runs Cucumber Scenarios" data-provider="scenarios" finished-at="2022-12-08T14:57:37 JST" duration-ms="15544" status="PASS">
          <params>
            <param index="0">
              <value>
                <![CDATA["Home Page Labels count"]]>
              </value>
            </param>
            <param index="1">
              <value>
                <![CDATA["Home Page Feature"]]>
              </value>
            </param>
          </params>
          <reporter-output>
          </reporter-output>
        </test-method> <!-- runScenario -->
        <test-method signature="runScenario(io.cucumber.testng.PickleWrapper,io.cucumber.testng.FeatureWrapper)[pri:0, instance:parallel.ParallelRun@3b0090a4]" started-at="2022-12-08T14:57:21 JST" name="runScenario" description="Runs Cucumber Scenarios" data-provider="scenarios" finished-at="2022-12-08T14:57:41 JST" duration-ms="20128" status="PASS">
          <params>
            <param index="0">
              <value>
                <![CDATA["Home Page title"]]>
              </value>
            </param>
            <param index="1">
              <value>
                <![CDATA["Home Page Feature"]]>
              </value>
            </param>
          </params>
          <reporter-output>
          </reporter-output>
        </test-method> <!-- runScenario -->
        <test-method signature="runScenario(io.cucumber.testng.PickleWrapper,io.cucumber.testng.FeatureWrapper)[pri:0, instance:parallel.ParallelRun@3b0090a4]" started-at="2022-12-08T14:57:21 JST" name="runScenario" description="Runs Cucumber Scenarios" data-provider="scenarios" finished-at="2022-12-08T14:57:33 JST" duration-ms="12034" status="PASS">
          <params>
            <param index="0">
              <value>
                <![CDATA["Login Page title"]]>
              </value>
            </param>
            <param index="1">
              <value>
                <![CDATA["Login Page feature"]]>
              </value>
            </param>
          </params>
          <reporter-output>
          </reporter-output>
        </test-method> <!-- runScenario -->
        <test-method signature="runScenario(io.cucumber.testng.PickleWrapper,io.cucumber.testng.FeatureWrapper)[pri:0, instance:parallel.ParallelRun@3b0090a4]" started-at="2022-12-08T14:57:21 JST" name="runScenario" description="Runs Cucumber Scenarios" data-provider="scenarios" finished-at="2022-12-08T14:57:37 JST" duration-ms="15834" status="PASS">
          <params>
            <param index="0">
              <value>
                <![CDATA["LoggedIn username"]]>
              </value>
            </param>
            <param index="1">
              <value>
                <![CDATA["Home Page Feature"]]>
              </value>
            </param>
          </params>
          <reporter-output>
          </reporter-output>
        </test-method> <!-- runScenario -->
        <test-method signature="runScenario(io.cucumber.testng.PickleWrapper,io.cucumber.testng.FeatureWrapper)[pri:0, instance:parallel.ParallelRun@3b0090a4]" started-at="2022-12-08T14:57:21 JST" name="runScenario" description="Runs Cucumber Scenarios" data-provider="scenarios" finished-at="2022-12-08T14:57:40 JST" duration-ms="18653" status="PASS">
          <params>
            <param index="0">
              <value>
                <![CDATA["Login with correct credentials"]]>
              </value>
            </param>
            <param index="1">
              <value>
                <![CDATA["Login Page feature"]]>
              </value>
            </param>
          </params>
          <reporter-output>
          </reporter-output>
        </test-method> <!-- runScenario -->
        <test-method is-config="true" signature="tearDownClass()[pri:0, instance:parallel.ParallelRun@3b0090a4]" started-at="2022-12-08T14:57:41 JST" name="tearDownClass" finished-at="2022-12-08T14:57:44 JST" duration-ms="2988" status="PASS">
          <reporter-output>
          </reporter-output>
        </test-method> <!-- tearDownClass -->
      </class> <!-- parallel.ParallelRun -->
    </test> <!-- Default test -->
  </suite> <!-- Default suite -->
</testng-results>
