<?xml version="1.0" encoding="UTF-8"?>
<testsuite xmlns:xsi="http://www.w3.org/2001/XMLSchema-instance" xsi:noNamespaceSchemaLocation="https://maven.apache.org/surefire/maven-failsafe-plugin/xsd/failsafe-test-report-3.0.xsd" version="3.0" name="Login Page feature" time="25.962" tests="3" errors="0" skipped="0" failures="0">
  <properties>
[...]
</properties>
  <testcase name="Login Page title" classname="Login Page feature" time="10.247"/>
  <testcase name="Forgot Password link" classname="Login Page feature" time="3.637"/>
  <testcase name="Login with correct credentials" classname="Login Page feature" time="12.076"/>
</testsuite>