<?xml version="1.0" encoding="UTF-8"?>
<testng-results ignored="0" total="0" passed="0" failed="0" skipped="0">
  <reporter-output>
  </reporter-output>
  <suite started-at="2022-12-20T11:39:00 JST" name="Surefire suite" finished-at="2022-12-20T11:39:52 JST" duration-ms="52013">
    <groups>
    </groups>
    <test started-at="2022-12-20T11:39:00 JST" name="Surefire test" finished-at="2022-12-20T11:39:52 JST" duration-ms="52013">
    </test> <!-- Surefire test -->
  </suite> <!-- Surefire suite -->
</testng-results>
